Temp/gradleOut/GooglePlayGamesManifest.plugin/build/outputs/logs/manifest-merger-debug-report.txt
-- Merging decision tree log ---
manifest
ADDED from gradleOut\GooglePlayGamesManifest.plugin\AndroidManifest.xml:4:1-37:12
INJECTED from gradleOut\GooglePlayGamesManifest.plugin\AndroidManifest.xml:4:1-37:12
INJECTED from gradleOut\GooglePlayGamesManifest.plugin\AndroidManifest.xml:4:1-37:12
INJECTED from gradleOut\GooglePlayGamesManifest.plugin\AndroidManifest.xml:4:1-37:12
INJECTED from gradleOut\GooglePlayGamesManifest.plugin\AndroidManifest.xml:4:1-37:12
INJECTED from gradleOut\GooglePlayGamesManifest.plugin\AndroidManifest.xml:4:1-37:12
INJECTED from gradleOut\GooglePlayGamesManifest.plugin\AndroidManifest.xml:4:1-37:12
	package
		ADDED from gradleOut\GooglePlayGamesManifest.plugin\AndroidManifest.xml:5:5-51
		INJECTED from gradleOut\GooglePlayGamesManifest.plugin\AndroidManifest.xml
		INJECTED from gradleOut\GooglePlayGamesManifest.plugin\AndroidManifest.xml
	android:versionName
		ADDED from gradleOut\GooglePlayGamesManifest.plugin\AndroidManifest.xml:7:5-30
		INJECTED from gradleOut\GooglePlayGamesManifest.plugin\AndroidManifest.xml
		INJECTED from gradleOut\GooglePlayGamesManifest.plugin\AndroidManifest.xml
	xmlns:android
		ADDED from gradleOut\GooglePlayGamesManifest.plugin\AndroidManifest.xml:4:11-69
	android:versionCode
		ADDED from gradleOut\GooglePlayGamesManifest.plugin\AndroidManifest.xml:6:5-28
		INJECTED from gradleOut\GooglePlayGamesManifest.plugin\AndroidManifest.xml
		INJECTED from gradleOut\GooglePlayGamesManifest.plugin\AndroidManifest.xml
uses-sdk
ADDED from gradleOut\GooglePlayGamesManifest.plugin\AndroidManifest.xml:9:5-44
INJECTED from gradleOut\GooglePlayGamesManifest.plugin\AndroidManifest.xml:9:5-44
INJECTED from gradleOut\GooglePlayGamesManifest.plugin\AndroidManifest.xml:9:5-44
	android:targetSdkVersion
		INJECTED from gradleOut\GooglePlayGamesManifest.plugin\AndroidManifest.xml
		ADDED from gradleOut\GooglePlayGamesManifest.plugin\AndroidManifest.xml:9:5-44
		INJECTED from gradleOut\GooglePlayGamesManifest.plugin\AndroidManifest.xml
	android:minSdkVersion
		ADDED from gradleOut\GooglePlayGamesManifest.plugin\AndroidManifest.xml:9:15-41
uses-permission#android.permission.BLUETOOTH
ADDED from gradleOut\GooglePlayGamesManifest.plugin\AndroidManifest.xml:12:9-72
	android:name
		ADDED from gradleOut\GooglePlayGamesManifest.plugin\AndroidManifest.xml:12:26-69
uses-permission#android.permission.BLUETOOTH_ADMIN
ADDED from gradleOut\GooglePlayGamesManifest.plugin\AndroidManifest.xml:13:9-78
	android:name
		ADDED from gradleOut\GooglePlayGamesManifest.plugin\AndroidManifest.xml:13:26-75
uses-permission#android.permission.ACCESS_WIFI_STATE
ADDED from gradleOut\GooglePlayGamesManifest.plugin\AndroidManifest.xml:14:9-80
	android:name
		ADDED from gradleOut\GooglePlayGamesManifest.plugin\AndroidManifest.xml:14:26-77
uses-permission#android.permission.CHANGE_WIFI_STATE
ADDED from gradleOut\GooglePlayGamesManifest.plugin\AndroidManifest.xml:15:9-80
	android:name
		ADDED from gradleOut\GooglePlayGamesManifest.plugin\AndroidManifest.xml:15:26-77
uses-permission#android.permission.ACCESS_COARSE_LOCATION
ADDED from gradleOut\GooglePlayGamesManifest.plugin\AndroidManifest.xml:16:9-85
	android:name
		ADDED from gradleOut\GooglePlayGamesManifest.plugin\AndroidManifest.xml:16:26-82
application
ADDED from gradleOut\GooglePlayGamesManifest.plugin\AndroidManifest.xml:19:5-36:19
meta-data#com.google.android.gms.nearby.connection.SERVICE_ID
ADDED from gradleOut\GooglePlayGamesManifest.plugin\AndroidManifest.xml:22:14-23:55
	android:value
		ADDED from gradleOut\GooglePlayGamesManifest.plugin\AndroidManifest.xml:23:19-52
	android:name
		ADDED from gradleOut\GooglePlayGamesManifest.plugin\AndroidManifest.xml:22:25-91
meta-data#com.google.android.gms.games.APP_ID
ADDED from gradleOut\GooglePlayGamesManifest.plugin\AndroidManifest.xml:27:9-28:37
	android:value
		ADDED from gradleOut\GooglePlayGamesManifest.plugin\AndroidManifest.xml:28:13-34
	android:name
		ADDED from gradleOut\GooglePlayGamesManifest.plugin\AndroidManifest.xml:27:20-70
meta-data#com.google.android.gms.games.unityVersion
ADDED from gradleOut\GooglePlayGamesManifest.plugin\AndroidManifest.xml:31:9-32:43
	android:value
		ADDED from gradleOut\GooglePlayGamesManifest.plugin\AndroidManifest.xml:32:13-40
	android:name
		ADDED from gradleOut\GooglePlayGamesManifest.plugin\AndroidManifest.xml:31:20-76
activity#com.google.games.bridge.NativeBridgeActivity
ADDED from gradleOut\GooglePlayGamesManifest.plugin\AndroidManifest.xml:34:9-35:86
	android:theme
		ADDED from gradleOut\GooglePlayGamesManifest.plugin\AndroidManifest.xml:35:13-83
	android:name
		ADDED from gradleOut\GooglePlayGamesManifest.plugin\AndroidManifest.xml:34:19-78